<?xml version="1.0" encoding="UTF-8"?>
<!-- Generated by org.testng.reporters.JUnitReportReporter -->
<testsuite name="KiplingTest.KipCheckoutUSA" tests="19" failures="0" timestamp="25 Nov 2013 09:02:08 GMT" time="42.032" errors="0">
  <testcase name="startStep2Billing" time="0.001" classname="KiplingTest.KipCheckoutUSA"/>
  <testcase name="testCreditCardOwner" time="0.246" classname="KiplingTest.KipCheckoutUSA"/>
  <testcase name="testCreditCardCvn" time="1.455" classname="KiplingTest.KipCheckoutUSA"/>
  <testcase name="testZipCodeField" time="0.162" classname="KiplingTest.KipCheckoutUSA"/>
  <testcase name="testStep1Shipping" time="0.850" classname="KiplingTest.KipCheckoutUSA"/>
  <testcase name="testPhoneField" time="0.184" classname="KiplingTest.KipCheckoutUSA"/>
  <testcase name="testSelectReportCountry" time="0.858" classname="KiplingTest.KipCheckoutUSA"/>
  <testcase name="testAddToCart" time="6.288" classname="KiplingTest.KipCheckoutUSA"/>
  <testcase name="testSelectReportState" time="2.948" classname="KiplingTest.KipCheckoutUSA"/>
  <testcase name="testEmailOnBillingPage" time="0.461" classname="KiplingTest.KipCheckoutUSA"/>
  <testcase name="testCreditCardYear" time="0.431" classname="KiplingTest.KipCheckoutUSA"/>
  <testcase name="testCreditCardMonth" time="0.401" classname="KiplingTest.KipCheckoutUSA"/>
  <testcase name="testCreditCardType" time="0.326" classname="KiplingTest.KipCheckoutUSA"/>
  <testcase name="testAddressOption" time="5.226" classname="KiplingTest.KipCheckoutUSA"/>
  <testcase name="testCartPage" time="5.586" classname="KiplingTest.KipCheckoutUSA"/>
  <testcase name="testcheckoutInterceptPage" time="6.505" classname="KiplingTest.KipCheckoutUSA"/>
  <testcase name="testCreditCardNumber" time="0.211" classname="KiplingTest.KipCheckoutUSA"/>
  <testcase name="testCheckoutConfirmation" time="5.685" classname="KiplingTest.KipCheckoutUSA"/>
  <testcase name="startStep3" time="4.208" classname="KiplingTest.KipCheckoutUSA"/>
</testsuite> <!-- KiplingTest.KipCheckoutUSA -->
