<?xml version="1.0" encoding="UTF-8"?>
<!-- Generated by org.testng.reporters.JUnitReportReporter -->
<testsuite hostname="dhcp-93.fluid.com" name="com.nautica.test.CheckoutSuite" tests="1" failures="0" timestamp="26 Nov 2013 01:29:13 GMT" time="12.117" errors="0">
  <testcase name="openNauUrl" time="12.117" classname="com.nautica.test.CheckoutSuite"/>
</testsuite> <!-- com.nautica.test.CheckoutSuite -->
