<?xml version="1.0" encoding="UTF-8"?>
<!-- Generated by org.testng.reporters.JUnitReportReporter -->
<testsuite name="KipnameAddress1" tests="1" failures="0" timestamp="21 Oct 2013 17:36:14 GMT" time="27.026" errors="0">
  <testcase name="testKipnameAddress1" time="27.026" classname="KipnameAddress1"/>
</testsuite> <!-- KipnameAddress1 -->
