<?xml version="1.0" encoding="UTF-8"?>
<!-- Generated by org.testng.reporters.JUnitReportReporter -->
<testsuite name="KiplingCommon.CHECKOUT" tests="2" failures="0" timestamp="8 Nov 2013 18:40:42 GMT" time="39.579" errors="0">
  <testcase name="Addtocart" time="24.574" classname="KiplingCommon.CHECKOUT"/>
  <testcase name="guestCheckout" time="15.005" classname="KiplingCommon.CHECKOUT"/>
</testsuite> <!-- KiplingCommon.CHECKOUT -->
