<?xml version="1.0" encoding="UTF-8"?>
<!-- Generated by org.testng.reporters.JUnitReportReporter -->
<testsuite name="Nautica.NauticaCommon" tests="1" failures="0" timestamp="19 Oct 2013 23:18:14 GMT" time="33.788" errors="0">
  <testcase name="testWomenSubcat" time="33.788" classname="Nautica.NauticaCommon"/>
</testsuite> <!-- Nautica.NauticaCommon -->
